<?xml version="1.0" encoding="utf-8"?><testsuites><testsuite name="pytest" errors="0" failures="0" skipped="0" tests="5" time="0.110" timestamp="2022-12-12T21:46:52.370427" hostname="LAPTOP-G53T9ORO"><testcase classname="tests.test_bytebank.TestClass" name="test_quando_idade_recebe_13_03_200_deve_retornar_22" time="0.002" /><testcase classname="tests.test_bytebank.TestClass" name="test_quando_sobrenone_recebe_Maria_Sanchez_deve_retornar_Sanchez" time="0.001" /><testcase classname="tests.test_bytebank.TestClass" name="test_quando_decrescimo_salario_recebe_100000_deve_retorna_9000" time="0.001" /><testcase classname="tests.test_bytebank.TestClass" name="test_quando_calcular_bonus_recebe_1000_deve_retornar_100" time="0.001" /><testcase classname="tests.test_bytebank.TestClass" name="test_quando_calcular_bonus_recebe_1000000_deve_retornar_exeception" time="0.006" /></testsuite></testsuites>